# JRE version: OpenJDK Runtime Environment Temurin-21.0.5+11 (21.0.5+11) (build 21.0.5+11-LTS)
# Java VM: OpenJDK 64-Bit Server VM Temurin-21.0.5+11 (21.0.5+11-LTS, mixed mode, sharing, tiered, compressed oops, compressed class ptrs, g1 gc, windows-amd64)
GC Precious Log:
 CardTable entry size: 512
 Card Set container configuration: InlinePtr #cards 4 size 8 Array Of Cards #cards 16 size 48 Howl #buckets 8 coarsen threshold 3686 Howl Bitmap #cards 512 size 80 coarsen threshold 460 Card regions per heap region 1 cards per card region 4096
 CPUs: 12 total, 12 available
 Memory: 16310M
 Large Page Support: Disabled
 NUMA Support: Disabled
 Compressed Oops: Enabled (Zero based)
 Heap Region Size: 2M
 Heap Min Capacity: 8M
 Heap Initial Capacity: 256M
 Heap Max Capacity: 4078M
 Pre-touch: Disabled
 Parallel Workers: 10
 Concurrent Workers: 3
 Concurrent Refinement Workers: 10
 Periodic GC: Disabled
Heap:
 garbage-first heap   total 59392K, used 23883K [0x0000000701200000, 0x0000000800000000)
  region size 2048K, 7 young (14336K), 2 survivors (4096K)
 Metaspace       used 34331K, committed 34944K, reserved 1114112K
  class space    used 4025K, committed 4288K, reserved 1048576K
GC Heap History (20 events):
Event: 1.037 GC heap before
{Heap before GC invocations=0 (full 0):
 garbage-first heap   total 262144K, used 22528K [0x0000000701200000, 0x0000000800000000)
  region size 2048K, 11 young (22528K), 0 survivors (0K)
 Metaspace       used 7044K, committed 7296K, reserved 1114112K
  class space    used 832K, committed 960K, reserved 1048576K
}
Event: 1.064 GC heap after
{Heap after GC invocations=1 (full 0):
 garbage-first heap   total 262144K, used 4321K [0x0000000701200000, 0x0000000800000000)
  region size 2048K, 2 young (4096K), 2 survivors (4096K)
 Metaspace       used 7044K, committed 7296K, reserved 1114112K
  class space    used 832K, committed 960K, reserved 1048576K
}
Event: 1.603 GC heap before
{Heap before GC invocations=1 (full 0):
 garbage-first heap   total 262144K, used 32993K [0x0000000701200000, 0x0000000800000000)
  region size 2048K, 17 young (34816K), 2 survivors (4096K)
 Metaspace       used 15107K, committed 15424K, reserved 1114112K
  class space    used 1841K, committed 1984K, reserved 1048576K
}
Event: 1.608 GC heap after
{Heap after GC invocations=2 (full 0):
 garbage-first heap   total 262144K, used 7097K [0x0000000701200000, 0x0000000800000000)
  region size 2048K, 2 young (4096K), 2 survivors (4096K)
 Metaspace       used 15107K, committed 15424K, reserved 1114112K
  class space    used 1841K, committed 1984K, reserved 1048576K
}
Event: 3.085 GC heap before
{Heap before GC invocations=2 (full 0):
 garbage-first heap   total 262144K, used 39865K [0x0000000701200000, 0x0000000800000000)
  region size 2048K, 19 young (38912K), 2 survivors (4096K)
 Metaspace       used 21109K, committed 21504K, reserved 1114112K
  class space    used 2573K, committed 2752K, reserved 1048576K
}
Event: 3.091 GC heap after
{Heap after GC invocations=3 (full 0):
 garbage-first heap   total 262144K, used 10794K [0x0000000701200000, 0x0000000800000000)
  region size 2048K, 4 young (8192K), 4 survivors (8192K)
 Metaspace       used 21109K, committed 21504K, reserved 1114112K
  class space    used 2573K, committed 2752K, reserved 1048576K
}
Event: 4.526 GC heap before
{Heap before GC invocations=4 (full 0):
 garbage-first heap   total 49152K, used 45610K [0x0000000701200000, 0x0000000800000000)
  region size 2048K, 21 young (43008K), 4 survivors (8192K)
 Metaspace       used 28089K, committed 28608K, reserved 1114112K
  class space    used 3467K, committed 3712K, reserved 1048576K
}
Event: 4.534 GC heap after
{Heap after GC invocations=5 (full 0):
 garbage-first heap   total 59392K, used 14723K [0x0000000701200000, 0x0000000800000000)
  region size 2048K, 5 young (10240K), 5 survivors (10240K)
 Metaspace       used 28089K, committed 28608K, reserved 1114112K
  class space    used 3467K, committed 3712K, reserved 1048576K
}
Event: 74.411 GC heap before
{Heap before GC invocations=5 (full 0):
 garbage-first heap   total 59392K, used 37251K [0x0000000701200000, 0x0000000800000000)
  region size 2048K, 17 young (34816K), 5 survivors (10240K)
 Metaspace       used 33064K, committed 33664K, reserved 1114112K
  class space    used 4015K, committed 4288K, reserved 1048576K
}
Event: 74.431 GC heap after
{Heap after GC invocations=6 (full 0):
 garbage-first heap   total 59392K, used 16560K [0x0000000701200000, 0x0000000800000000)
  region size 2048K, 2 young (4096K), 2 survivors (4096K)
 Metaspace       used 33064K, committed 33664K, reserved 1114112K
  class space    used 4015K, committed 4288K, reserved 1048576K
}
Event: 100.742 GC heap before
{Heap before GC invocations=6 (full 0):
 garbage-first heap   total 59392K, used 45232K [0x0000000701200000, 0x0000000800000000)
  region size 2048K, 16 young (32768K), 2 survivors (4096K)
 Metaspace       used 34300K, committed 34880K, reserved 1114112K
  class space    used 4024K, committed 4288K, reserved 1048576K
}
Event: 100.747 GC heap after
{Heap after GC invocations=7 (full 0):
 garbage-first heap   total 59392K, used 15711K [0x0000000701200000, 0x0000000800000000)
  region size 2048K, 2 young (4096K), 2 survivors (4096K)
 Metaspace       used 34300K, committed 34880K, reserved 1114112K
  class space    used 4024K, committed 4288K, reserved 1048576K
}
Event: 103.050 GC heap before
{Heap before GC invocations=7 (full 0):
 garbage-first heap   total 59392K, used 46431K [0x0000000701200000, 0x0000000800000000)
  region size 2048K, 17 young (34816K), 2 survivors (4096K)
 Metaspace       used 34305K, committed 34880K, reserved 1114112K
  class space    used 4024K, committed 4288K, reserved 1048576K
}
Event: 103.052 GC heap after
{Heap after GC invocations=8 (full 0):
 garbage-first heap   total 59392K, used 15686K [0x0000000701200000, 0x0000000800000000)
  region size 2048K, 2 young (4096K), 2 survivors (4096K)
 Metaspace       used 34305K, committed 34880K, reserved 1114112K
  class space    used 4024K, committed 4288K, reserved 1048576K
}
Event: 105.569 GC heap before
{Heap before GC invocations=8 (full 0):
 garbage-first heap   total 59392K, used 46406K [0x0000000701200000, 0x0000000800000000)
  region size 2048K, 17 young (34816K), 2 survivors (4096K)
 Metaspace       used 34316K, committed 34944K, reserved 1114112K
  class space    used 4025K, committed 4288K, reserved 1048576K
}
Event: 105.571 GC heap after
{Heap after GC invocations=9 (full 0):
 garbage-first heap   total 59392K, used 15708K [0x0000000701200000, 0x0000000800000000)
  region size 2048K, 2 young (4096K), 2 survivors (4096K)
 Metaspace       used 34316K, committed 34944K, reserved 1114112K
  class space    used 4025K, committed 4288K, reserved 1048576K
}
Event: 108.769 GC heap before
{Heap before GC invocations=9 (full 0):
 garbage-first heap   total 59392K, used 46428K [0x0000000701200000, 0x0000000800000000)
  region size 2048K, 17 young (34816K), 2 survivors (4096K)
 Metaspace       used 34319K, committed 34944K, reserved 1114112K
  class space    used 4025K, committed 4288K, reserved 1048576K
}
Event: 108.770 GC heap after
{Heap after GC invocations=10 (full 0):
 garbage-first heap   total 59392K, used 15597K [0x0000000701200000, 0x0000000800000000)
  region size 2048K, 2 young (4096K), 2 survivors (4096K)
 Metaspace       used 34319K, committed 34944K, reserved 1114112K
  class space    used 4025K, committed 4288K, reserved 1048576K
}
Event: 111.198 GC heap before
{Heap before GC invocations=10 (full 0):
 garbage-first heap   total 59392K, used 46317K [0x0000000701200000, 0x0000000800000000)
  region size 2048K, 17 young (34816K), 2 survivors (4096K)
 Metaspace       used 34319K, committed 34944K, reserved 1114112K
  class space    used 4025K, committed 4288K, reserved 1048576K
}
Event: 111.199 GC heap after
{Heap after GC invocations=11 (full 0):
 garbage-first heap   total 59392K, used 15761K [0x0000000701200000, 0x0000000800000000)
  region size 2048K, 2 young (4096K), 2 survivors (4096K)
 Metaspace       used 34319K, committed 34944K, reserved 1114112K
  class space    used 4025K, committed 4288K, reserved 1048576K
}

