# JRE version: OpenJDK Runtime Environment Temurin-21.0.5+11 (21.0.5+11) (build 21.0.5+11-LTS)
# Java VM: OpenJDK 64-Bit Server VM Temurin-21.0.5+11 (21.0.5+11-LTS, mixed mode, sharing, tiered, compressed oops, compressed class ptrs, g1 gc, windows-amd64)
GC Precious Log:
 CardTable entry size: 512
 Card Set container configuration: InlinePtr #cards 4 size 8 Array Of Cards #cards 16 size 48 Howl #buckets 8 coarsen threshold 3686 Howl Bitmap #cards 512 size 80 coarsen threshold 460 Card regions per heap region 1 cards per card region 4096
 CPUs: 12 total, 12 available
 Memory: 16310M
 Large Page Support: Disabled
 NUMA Support: Disabled
 Compressed Oops: Enabled (Zero based)
 Heap Region Size: 2M
 Heap Min Capacity: 8M
 Heap Initial Capacity: 256M
 Heap Max Capacity: 4078M
 Pre-touch: Disabled
 Parallel Workers: 10
 Concurrent Workers: 3
 Concurrent Refinement Workers: 10
 Periodic GC: Disabled
Heap:
 garbage-first heap   total 51200K, used 28276K [0x0000000701200000, 0x0000000800000000)
  region size 2048K, 8 young (16384K), 1 survivors (2048K)
 Metaspace       used 34664K, committed 35264K, reserved 1114112K
  class space    used 4020K, committed 4288K, reserved 1048576K
GC Heap History (20 events):
Event: 38.234 GC heap before
{Heap before GC invocations=6 (full 0):
 garbage-first heap   total 51200K, used 37796K [0x0000000701200000, 0x0000000800000000)
  region size 2048K, 13 young (26624K), 2 survivors (4096K)
 Metaspace       used 34147K, committed 34688K, reserved 1114112K
  class space    used 4018K, committed 4288K, reserved 1048576K
}
Event: 38.247 GC heap after
{Heap after GC invocations=7 (full 0):
 garbage-first heap   total 51200K, used 16048K [0x0000000701200000, 0x0000000800000000)
  region size 2048K, 1 young (2048K), 1 survivors (2048K)
 Metaspace       used 34147K, committed 34688K, reserved 1114112K
  class space    used 4018K, committed 4288K, reserved 1048576K
}
Event: 40.229 GC heap before
{Heap before GC invocations=7 (full 0):
 garbage-first heap   total 51200K, used 40624K [0x0000000701200000, 0x0000000800000000)
  region size 2048K, 13 young (26624K), 1 survivors (2048K)
 Metaspace       used 34637K, committed 35264K, reserved 1114112K
  class space    used 4018K, committed 4288K, reserved 1048576K
}
Event: 40.230 GC heap after
{Heap after GC invocations=8 (full 0):
 garbage-first heap   total 51200K, used 16018K [0x0000000701200000, 0x0000000800000000)
  region size 2048K, 1 young (2048K), 1 survivors (2048K)
 Metaspace       used 34637K, committed 35264K, reserved 1114112K
  class space    used 4018K, committed 4288K, reserved 1048576K
}
Event: 41.341 GC heap before
{Heap before GC invocations=8 (full 0):
 garbage-first heap   total 51200K, used 40594K [0x0000000701200000, 0x0000000800000000)
  region size 2048K, 13 young (26624K), 1 survivors (2048K)
 Metaspace       used 34638K, committed 35264K, reserved 1114112K
  class space    used 4018K, committed 4288K, reserved 1048576K
}
Event: 41.342 GC heap after
{Heap after GC invocations=9 (full 0):
 garbage-first heap   total 51200K, used 15947K [0x0000000701200000, 0x0000000800000000)
  region size 2048K, 1 young (2048K), 1 survivors (2048K)
 Metaspace       used 34638K, committed 35264K, reserved 1114112K
  class space    used 4018K, committed 4288K, reserved 1048576K
}
Event: 43.156 GC heap before
{Heap before GC invocations=9 (full 0):
 garbage-first heap   total 51200K, used 42571K [0x0000000701200000, 0x0000000800000000)
  region size 2048K, 14 young (28672K), 1 survivors (2048K)
 Metaspace       used 34647K, committed 35264K, reserved 1114112K
  class space    used 4019K, committed 4288K, reserved 1048576K
}
Event: 43.157 GC heap after
{Heap after GC invocations=10 (full 0):
 garbage-first heap   total 51200K, used 15927K [0x0000000701200000, 0x0000000800000000)
  region size 2048K, 1 young (2048K), 1 survivors (2048K)
 Metaspace       used 34647K, committed 35264K, reserved 1114112K
  class space    used 4019K, committed 4288K, reserved 1048576K
}
Event: 44.249 GC heap before
{Heap before GC invocations=10 (full 0):
 garbage-first heap   total 51200K, used 42551K [0x0000000701200000, 0x0000000800000000)
  region size 2048K, 14 young (28672K), 1 survivors (2048K)
 Metaspace       used 34648K, committed 35264K, reserved 1114112K
  class space    used 4019K, committed 4288K, reserved 1048576K
}
Event: 44.250 GC heap after
{Heap after GC invocations=11 (full 0):
 garbage-first heap   total 51200K, used 15975K [0x0000000701200000, 0x0000000800000000)
  region size 2048K, 1 young (2048K), 1 survivors (2048K)
 Metaspace       used 34648K, committed 35264K, reserved 1114112K
  class space    used 4019K, committed 4288K, reserved 1048576K
}
Event: 45.133 GC heap before
{Heap before GC invocations=11 (full 0):
 garbage-first heap   total 51200K, used 42599K [0x0000000701200000, 0x0000000800000000)
  region size 2048K, 14 young (28672K), 1 survivors (2048K)
 Metaspace       used 34651K, committed 35264K, reserved 1114112K
  class space    used 4019K, committed 4288K, reserved 1048576K
}
Event: 45.135 GC heap after
{Heap after GC invocations=12 (full 0):
 garbage-first heap   total 51200K, used 15961K [0x0000000701200000, 0x0000000800000000)
  region size 2048K, 1 young (2048K), 1 survivors (2048K)
 Metaspace       used 34651K, committed 35264K, reserved 1114112K
  class space    used 4019K, committed 4288K, reserved 1048576K
}
Event: 130.580 GC heap before
{Heap before GC invocations=12 (full 0):
 garbage-first heap   total 51200K, used 42585K [0x0000000701200000, 0x0000000800000000)
  region size 2048K, 14 young (28672K), 1 survivors (2048K)
 Metaspace       used 34657K, committed 35264K, reserved 1114112K
  class space    used 4020K, committed 4288K, reserved 1048576K
}
Event: 130.581 GC heap after
{Heap after GC invocations=13 (full 0):
 garbage-first heap   total 51200K, used 15969K [0x0000000701200000, 0x0000000800000000)
  region size 2048K, 1 young (2048K), 1 survivors (2048K)
 Metaspace       used 34657K, committed 35264K, reserved 1114112K
  class space    used 4020K, committed 4288K, reserved 1048576K
}
Event: 131.824 GC heap before
{Heap before GC invocations=13 (full 0):
 garbage-first heap   total 51200K, used 42593K [0x0000000701200000, 0x0000000800000000)
  region size 2048K, 14 young (28672K), 1 survivors (2048K)
 Metaspace       used 34657K, committed 35264K, reserved 1114112K
  class space    used 4020K, committed 4288K, reserved 1048576K
}
Event: 131.825 GC heap after
{Heap after GC invocations=14 (full 0):
 garbage-first heap   total 51200K, used 15981K [0x0000000701200000, 0x0000000800000000)
  region size 2048K, 1 young (2048K), 1 survivors (2048K)
 Metaspace       used 34657K, committed 35264K, reserved 1114112K
  class space    used 4020K, committed 4288K, reserved 1048576K
}
Event: 133.831 GC heap before
{Heap before GC invocations=14 (full 0):
 garbage-first heap   total 51200K, used 42605K [0x0000000701200000, 0x0000000800000000)
  region size 2048K, 14 young (28672K), 1 survivors (2048K)
 Metaspace       used 34660K, committed 35264K, reserved 1114112K
  class space    used 4020K, committed 4288K, reserved 1048576K
}
Event: 133.832 GC heap after
{Heap after GC invocations=15 (full 0):
 garbage-first heap   total 51200K, used 15982K [0x0000000701200000, 0x0000000800000000)
  region size 2048K, 1 young (2048K), 1 survivors (2048K)
 Metaspace       used 34660K, committed 35264K, reserved 1114112K
  class space    used 4020K, committed 4288K, reserved 1048576K
}
Event: 136.160 GC heap before
{Heap before GC invocations=15 (full 0):
 garbage-first heap   total 51200K, used 42606K [0x0000000701200000, 0x0000000800000000)
  region size 2048K, 14 young (28672K), 1 survivors (2048K)
 Metaspace       used 34664K, committed 35264K, reserved 1114112K
  class space    used 4020K, committed 4288K, reserved 1048576K
}
Event: 136.165 GC heap after
{Heap after GC invocations=16 (full 0):
 garbage-first heap   total 51200K, used 15988K [0x0000000701200000, 0x0000000800000000)
  region size 2048K, 1 young (2048K), 1 survivors (2048K)
 Metaspace       used 34664K, committed 35264K, reserved 1114112K
  class space    used 4020K, committed 4288K, reserved 1048576K
}

